 
****************************************
Report : area
Design : riscv_core
Version: K-2015.06
Date   : Sat Jan  6 03:44:57 2024
****************************************

Library(s) Used:

    NangateOpenCellLibrary_ff1p25v0c (File: /home/IC/NangateOpenCellLibrary_PDKv1_3_v2010_12/lib/Front_End/Liberty/NLDM/NangateOpenCellLibrary_ff1p25v0c.db)

Number of ports:                          454
Number of nets:                         26296
Number of cells:                        23226
Number of combinational cells:          20606
Number of sequential cells:              2573
Number of macros/black boxes:               0
Number of buf/inv:                       2956
Number of references:                     108

Combinational area:              30923.032292
Buf/Inv area:                     1725.808003
Noncombinational area:           13144.124407
Macro/Black Box area:                0.000000
Net Interconnect area:      undefined  (Wire load has zero net area)

Total cell area:                 44067.156699
Total area:                 undefined
1
